<?xml version="1.0" encoding="UTF-8"?>
<!-- Generated by org.testng.reporters.JUnitReportReporter -->
<testsuite skipped="0" hostname="DESKTOP-9PUE9EH" name="Academy.validateTitle" tests="1" failures="0" timestamp="2021-12-03T18:31:27 EET" time="0.048" errors="0">
  <testcase name="basePageNavigation" time="0.048" classname="Academy.validateTitle"/>
  <system-out/>
</testsuite> <!-- Academy.validateTitle -->
