<?xml version="1.0" encoding="UTF-8"?>
<!-- Generated by org.testng.reporters.JUnitReportReporter -->
<testsuite skipped="0" hostname="DESKTOP-9PUE9EH" name="Academy.HomePage" tests="2" failures="0" timestamp="2021-12-07T18:57:03 EET" time="10.829" errors="0">
  <testcase name="basePageNavigation" time="8.159" classname="Academy.HomePage"/>
  <system-out/>
  <testcase name="basePageNavigation" time="2.670" classname="Academy.HomePage"/>
  <system-out/>
</testsuite> <!-- Academy.HomePage -->
